<?xml version="1.0" encoding="UTF-8"?>
<!-- Generated by org.testng.reporters.JUnitReportReporter -->
<testsuite skipped="0" hostname="LAPTOP-AS8JDII6" name="com.testcases.Login_test" tests="1" failures="0" timestamp="27 Jun 2019 10:32:41 GMT" time="34.581" errors="0">
  <testcase name="verify_login" time="34.581" classname="com.testcases.Login_test"/>
</testsuite> <!-- com.testcases.Login_test -->
